yarn run v1.22.22
warning Skipping preferred cache folder "/Users/hongseongbin/Library/Caches/Yarn" because it is not writable.
warning Selected the next writable cache folder in the list, will be "/tmp/.yarn-cache-501".
$ xcodebuild -project DiveWatchApp.xcodeproj -scheme DiveWatchApp -configuration Debug -destination 'generic/platform=watchOS Simulator' -derivedDataPath /private/tmp/DiveWatchAppDerivedData CODE_SIGNING_ALLOWED=NO build
warning Cannot find a suitable global folder. Tried these: "/usr/local, /Users/hongseongbin/.yarn"
xcodebuild: warning: confstr() failed with code 5: couldn't get path of DARWIN_USER_TEMP_DIR; using /tmp instead
xcodebuild: warning: confstr() failed with code 5: couldn't get path of DARWIN_USER_TEMP_DIR; using /tmp instead
2026-06-13 20:07:00.860 xcodebuild[12362:325155]  DVTFilePathFSEvents: Failed to start fs event stream.
2026-06-13 20:07:01.010 xcodebuild[12362:325154] [MT] DVTDeveloperPaths: Failed to get length of DARWIN_USER_CACHE_DIR from confstr(3), error = Error Domain=NSPOSIXErrorDomain Code=5 "Input/output error". Using NSCachesDirectory instead.
2026-06-13 20:07:01.364 xcodebuild[12362:325156] CoreSimulatorService connection became invalid.  Simulator services will no longer be available.
2026-06-13 20:07:01.365 xcodebuild[12362:325156] Logging connecton invalid: <OS_xpc_error: <dictionary: 0x1fbd93c10> { count = 1, transaction: 0, voucher = 0x0, contents =
	"XPCErrorDescription" => <string: 0x1fbd93d58> { string cache = 0x0, length = 18, contents = "Connection invalid" }
}>
2026-06-13 20:07:01.365 xcodebuild[12362:325240] Error opening log file (/Users/hongseongbin/Library/Logs/CoreSimulator/CoreSimulator.com.apple.dt.xcodebuild.log): Operation not permitted
[-[SimServiceContext sendRequest:]:1751] ERROR : Unable to deliver request ({
    "developer_dir" = "/Applications/Xcode.app/Contents/Developer";
    request = "set_developer_dir";
}) because we are not connected to CoreSimulatorService.
Command line invocation:
    /Applications/Xcode.app/Contents/Developer/usr/bin/xcodebuild -project DiveWatchApp.xcodeproj -scheme DiveWatchApp -configuration Debug -destination "generic/platform=watchOS Simulator" -derivedDataPath /private/tmp/DiveWatchAppDerivedData CODE_SIGNING_ALLOWED=NO build

Build settings from command line:
    CODE_SIGNING_ALLOWED = NO

2026-06-13 20:07:01.441 xcodebuild[12362:325154] [MT] DVTAssertions: Warning in DVTFrameworks/DVTFoundation/FileTypes/DVTFileDataTypeDetection.m:80
Details:  detectedTypeIdentifier (com.apple.binary-property-list) does not conform to matchedTypeIdentifier in MagicFileDataTypeDetector extenson com.apple.property-list. When both are specified, this conformance is required unless overridden by setting allowNonInheritance. extension.identifier:Xcode.MagicFileDataTypeDetector.BinaryPlist
Object:   <DVTFileDataTypeDetectionMagicCache: 0x9d01a04b0>
Method:   -initWithExtension:
Thread:   <_NSMainThread: 0x103e9df40>{number = 1, name = main}
Please file a bug at https://feedbackassistant.apple.com with this warning message and any useful information you can provide.
2026-06-13 20:07:01.443 xcodebuild[12362:325154] [MT] DVTAssertions: Warning in DVTFrameworks/DVTFoundation/FileTypes/DVTFileDataTypeDetection.m:80
Details:  detectedTypeIdentifier (com.apple.xml-property-list) does not conform to matchedTypeIdentifier in MagicFileDataTypeDetector extenson com.apple.property-list. When both are specified, this conformance is required unless overridden by setting allowNonInheritance. extension.identifier:Xcode.MagicFileDataTypeDetector.XMLPlist
Object:   <DVTFileDataTypeDetectionMagicCache: 0x9d01a1b30>
Method:   -initWithExtension:
Thread:   <_NSMainThread: 0x103e9df40>{number = 1, name = main}
Please file a bug at https://feedbackassistant.apple.com with this warning message and any useful information you can provide.
[-[SimServiceContext initWithDeveloperDir:connectionType:error:]:432] WARN  : Unable to discover any Simulator runtimes. Developer Directory is /Applications/Xcode.app/Contents/Developer.
[-[SimDiskImageManager init]:175] ERROR : Could not kickstart simdiskimaged; SimDiskImageManager services will not be available: Error Domain=NSPOSIXErrorDomain Code=53 "Software caused connection abort" UserInfo={NSLocalizedDescription=Error returned in reply from CoreSimulatorService: Connection invalid}
[-[SimDiskImageManager _onQueue_checkConnection:]:239] ERROR : simdiskimaged returned error (invalid), marking disconnected.
[-[SimDiskImageManager _onQueue_checkConnection:]:239] ERROR : simdiskimaged returned error (invalid), marking disconnected.
[-[SimServiceContext initWithDeveloperDir:connectionType:error:]_block_invoke:468] ERROR : Could not get list of trusted mount directories: Error Domain=com.apple.CoreSimulator.SimError Code=410 "The service used to manage runtime disk images (simdiskimaged) crashed or is not responding" UserInfo={NSLocalizedDescription=The service used to manage runtime disk images (simdiskimaged) crashed or is not responding}
[-[SimServiceContext sendRequest:reply:error:]:1771] ERROR : Unable to deliver request ({
    request = "notification_subscription";
    "set_path" = "/Users/hongseongbin/Library/Developer/CoreSimulator/Devices";
}) because we are not connected to CoreSimulatorService.
2026-06-13 20:07:01.556 xcodebuild[12362:325240] Error Domain=NSPOSIXErrorDomain Code=61 "Connection refused" UserInfo={NSLocalizedDescription=CoreSimulatorService connection became invalid.  Simulator services will no longer be available.}
[-[SimServiceContext sendRequest:reply:error:]:1771] ERROR : Unable to deliver request ({
    request = "notification_subscription";
    "set_path" = "/Users/hongseongbin/Library/Developer/CoreSimulator/Devices";
}) because we are not connected to CoreSimulatorService.
2026-06-13 20:07:01.558 xcodebuild[12362:325240]  iOSSimulator: [SimServiceContext defaultDeviceSetWithError:] returned nil (Error Domain=NSPOSIXErrorDomain Code=61 "Connection refused" UserInfo={NSLocalizedFailureReason=Failed to subscribe to notifications from CoreSimulatorService., NSLocalizedDescription=Failed to initialize simulator device set., NSUnderlyingError=0x9d0404540 {Error Domain=NSPOSIXErrorDomain Code=61 "Connection refused" UserInfo={NSLocalizedDescription=CoreSimulatorService connection became invalid.  Simulator services will no longer be available.}}}). Simulator device support disabled.
2026-06-13 20:07:01.558 xcodebuild[12362:325155] Error Domain=NSPOSIXErrorDomain Code=61 "Connection refused" UserInfo={NSLocalizedDescription=CoreSimulatorService connection became invalid.  Simulator services will no longer be available.}
2026-06-13 20:07:01.559 xcodebuild[12362:325155]  IDESimulatorAvailability: startObservingSimulatorUpdates() FAILED to register SimDeviceSet observer
ComputePackagePrebuildTargetDependencyGraph

Prepare packages

CreateBuildRequest

SendProjectDescription

CreateBuildOperation

ComputeTargetDependencyGraph
note: Building targets in dependency order
note: Target dependency graph (1 target)
    Target 'DiveWatchApp' in project 'DiveWatchApp' (no dependencies)

GatherProvisioningInputs

CreateBuildDescription

ExecuteExternalTool /Applications/Xcode.app/Contents/Developer/Toolchains/XcodeDefault.xctoolchain/usr/bin/clang -v -E -dM -isysroot /Applications/Xcode.app/Contents/Developer/Platforms/WatchSimulator.platform/Developer/SDKs/WatchSimulator26.5.sdk -x c -c /dev/null

ExecuteExternalTool /Applications/Xcode.app/Contents/Developer/Toolchains/XcodeDefault.xctoolchain/usr/bin/swiftc --version

ExecuteExternalTool /Applications/Xcode.app/Contents/Developer/Toolchains/XcodeDefault.xctoolchain/usr/bin/ld -version_details

Build description signature: 1281413427b932fbdd5c72310846bc2e
Build description path: /tmp/DiveWatchAppDerivedData/Build/Intermediates.noindex/XCBuildData/1281413427b932fbdd5c72310846bc2e.xcbuilddata
ClangStatCache /Applications/Xcode.app/Contents/Developer/Toolchains/XcodeDefault.xctoolchain/usr/bin/clang-stat-cache /Applications/Xcode.app/Contents/Developer/Platforms/WatchSimulator.platform/Developer/SDKs/WatchSimulator26.5.sdk /tmp/DiveWatchAppDerivedData/SDKStatCaches.noindex/watchsimulator26.5-23T570-1651579a441f1322ae888f0ed545cb80.sdkstatcache
    cd /Users/hongseongbin/Projects/diving-app/apps/watch-ios/DiveWatchApp.xcodeproj
    /Applications/Xcode.app/Contents/Developer/Toolchains/XcodeDefault.xctoolchain/usr/bin/clang-stat-cache /Applications/Xcode.app/Contents/Developer/Platforms/WatchSimulator.platform/Developer/SDKs/WatchSimulator26.5.sdk -o /tmp/DiveWatchAppDerivedData/SDKStatCaches.noindex/watchsimulator26.5-23T570-1651579a441f1322ae888f0ed545cb80.sdkstatcache
Failed to create FS event stream. Considering the cache up-to-date.

Ld /tmp/DiveWatchAppDerivedData/Build/Intermediates.noindex/DiveWatchApp.build/Debug-watchsimulator/DiveWatchApp.build/Objects-normal/arm64/Binary/DiveWatchApp.debug.dylib normal arm64 (in target 'DiveWatchApp' from project 'DiveWatchApp')
    cd /Users/hongseongbin/Projects/diving-app/apps/watch-ios
    /Applications/Xcode.app/Contents/Developer/Toolchains/XcodeDefault.xctoolchain/usr/bin/clang -Xlinker -reproducible -target arm64-apple-watchos10.0-simulator -dynamiclib -isysroot /Applications/Xcode.app/Contents/Developer/Platforms/WatchSimulator.platform/Developer/SDKs/WatchSimulator26.5.sdk -O0 -L/tmp/DiveWatchAppDerivedData/Build/Intermediates.noindex/EagerLinkingTBDs/Debug-watchsimulator -L/tmp/DiveWatchAppDerivedData/Build/Products/Debug-watchsimulator -F/tmp/DiveWatchAppDerivedData/Build/Intermediates.noindex/EagerLinkingTBDs/Debug-watchsimulator -F/tmp/DiveWatchAppDerivedData/Build/Products/Debug-watchsimulator -filelist /tmp/DiveWatchAppDerivedData/Build/Intermediates.noindex/DiveWatchApp.build/Debug-watchsimulator/DiveWatchApp.build/Objects-normal/arm64/DiveWatchApp.LinkFileList -install_name @rpath/DiveWatchApp.debug.dylib -Xlinker -rpath -Xlinker /usr/lib/swift -Xlinker -rpath -Xlinker @executable_path/Frameworks -Xlinker -dead_strip -Xlinker -object_path_lto -Xlinker /tmp/DiveWatchAppDerivedData/Build/Intermediates.noindex/DiveWatchApp.build/Debug-watchsimulator/DiveWatchApp.build/Objects-normal/arm64/DiveWatchApp_lto.o -rdynamic -Xlinker -no_deduplicate -Xlinker -objc_abi_version -Xlinker 2 -Xlinker -dependency_info -Xlinker /tmp/DiveWatchAppDerivedData/Build/Intermediates.noindex/DiveWatchApp.build/Debug-watchsimulator/DiveWatchApp.build/Objects-normal/arm64/DiveWatchApp_dependency_info.dat -fobjc-link-runtime -L/Applications/Xcode.app/Contents/Developer/Toolchains/XcodeDefault.xctoolchain/usr/lib/swift/watchsimulator -L/usr/lib/swift -Xlinker -add_ast_path -Xlinker /tmp/DiveWatchAppDerivedData/Build/Intermediates.noindex/DiveWatchApp.build/Debug-watchsimulator/DiveWatchApp.build/Objects-normal/arm64/DiveWatchApp.swiftmodule @/tmp/DiveWatchAppDerivedData/Build/Intermediates.noindex/DiveWatchApp.build/Debug-watchsimulator/DiveWatchApp.build/Objects-normal/arm64/DiveWatchApp-linker-args.resp -Xlinker -alias -Xlinker _main -Xlinker ___debug_main_executable_dylib_entry_point -o /tmp/DiveWatchAppDerivedData/Build/Intermediates.noindex/DiveWatchApp.build/Debug-watchsimulator/DiveWatchApp.build/Objects-normal/arm64/Binary/DiveWatchApp.debug.dylib

ConstructStubExecutorLinkFileList /tmp/DiveWatchAppDerivedData/Build/Intermediates.noindex/DiveWatchApp.build/Debug-watchsimulator/DiveWatchApp.build/DiveWatchApp-ExecutorLinkFileList-normal-arm64.txt (in target 'DiveWatchApp' from project 'DiveWatchApp')
    cd /Users/hongseongbin/Projects/diving-app/apps/watch-ios
    construct-stub-executor-link-file-list /tmp/DiveWatchAppDerivedData/Build/Intermediates.noindex/DiveWatchApp.build/Debug-watchsimulator/DiveWatchApp.build/Objects-normal/arm64/Binary/DiveWatchApp.debug.dylib /Applications/Xcode.app/Contents/Developer/Platforms/WatchSimulator.platform/Developer/usr/lib/libPreviewsJITStubExecutor_no_swift_entry_point.a /Applications/Xcode.app/Contents/Developer/Platforms/WatchSimulator.platform/Developer/usr/lib/libPreviewsJITStubExecutor.a --output /tmp/DiveWatchAppDerivedData/Build/Intermediates.noindex/DiveWatchApp.build/Debug-watchsimulator/DiveWatchApp.build/DiveWatchApp-ExecutorLinkFileList-normal-arm64.txt
note: Using stub executor library with Swift entry point. (in target 'DiveWatchApp' from project 'DiveWatchApp')

Ld /tmp/DiveWatchAppDerivedData/Build/Intermediates.noindex/DiveWatchApp.build/Debug-watchsimulator/DiveWatchApp.build/Objects-normal/arm64/Binary/DiveWatchApp normal arm64 (in target 'DiveWatchApp' from project 'DiveWatchApp')
    cd /Users/hongseongbin/Projects/diving-app/apps/watch-ios
    /Applications/Xcode.app/Contents/Developer/Toolchains/XcodeDefault.xctoolchain/usr/bin/clang -Xlinker -reproducible -target arm64-apple-watchos10.0-simulator -isysroot /Applications/Xcode.app/Contents/Developer/Platforms/WatchSimulator.platform/Developer/SDKs/WatchSimulator26.5.sdk -O0 -L/tmp/DiveWatchAppDerivedData/Build/Products/Debug-watchsimulator -F/tmp/DiveWatchAppDerivedData/Build/Products/Debug-watchsimulator -Xlinker -rpath -Xlinker @executable_path -Xlinker -rpath -Xlinker @executable_path/Frameworks -rdynamic -Xlinker -no_deduplicate -Xlinker -objc_abi_version -Xlinker 2 -e ___debug_blank_executor_main -Xlinker -sectcreate -Xlinker __TEXT -Xlinker __debug_dylib -Xlinker /tmp/DiveWatchAppDerivedData/Build/Intermediates.noindex/DiveWatchApp.build/Debug-watchsimulator/DiveWatchApp.build/DiveWatchApp-DebugDylibPath-normal-arm64.txt -Xlinker -sectcreate -Xlinker __TEXT -Xlinker __debug_instlnm -Xlinker /tmp/DiveWatchAppDerivedData/Build/Intermediates.noindex/DiveWatchApp.build/Debug-watchsimulator/DiveWatchApp.build/DiveWatchApp-DebugDylibInstallName-normal-arm64.txt -Xlinker -filelist -Xlinker /tmp/DiveWatchAppDerivedData/Build/Intermediates.noindex/DiveWatchApp.build/Debug-watchsimulator/DiveWatchApp.build/DiveWatchApp-ExecutorLinkFileList-normal-arm64.txt /tmp/DiveWatchAppDerivedData/Build/Intermediates.noindex/DiveWatchApp.build/Debug-watchsimulator/DiveWatchApp.build/Objects-normal/arm64/Binary/DiveWatchApp.debug.dylib -o /tmp/DiveWatchAppDerivedData/Build/Intermediates.noindex/DiveWatchApp.build/Debug-watchsimulator/DiveWatchApp.build/Objects-normal/arm64/Binary/DiveWatchApp

Ld /tmp/DiveWatchAppDerivedData/Build/Intermediates.noindex/DiveWatchApp.build/Debug-watchsimulator/DiveWatchApp.build/Objects-normal/x86_64/Binary/DiveWatchApp.debug.dylib normal x86_64 (in target 'DiveWatchApp' from project 'DiveWatchApp')
    cd /Users/hongseongbin/Projects/diving-app/apps/watch-ios
    /Applications/Xcode.app/Contents/Developer/Toolchains/XcodeDefault.xctoolchain/usr/bin/clang -Xlinker -reproducible -target x86_64-apple-watchos10.0-simulator -dynamiclib -isysroot /Applications/Xcode.app/Contents/Developer/Platforms/WatchSimulator.platform/Developer/SDKs/WatchSimulator26.5.sdk -O0 -L/tmp/DiveWatchAppDerivedData/Build/Intermediates.noindex/EagerLinkingTBDs/Debug-watchsimulator -L/tmp/DiveWatchAppDerivedData/Build/Products/Debug-watchsimulator -F/tmp/DiveWatchAppDerivedData/Build/Intermediates.noindex/EagerLinkingTBDs/Debug-watchsimulator -F/tmp/DiveWatchAppDerivedData/Build/Products/Debug-watchsimulator -filelist /tmp/DiveWatchAppDerivedData/Build/Intermediates.noindex/DiveWatchApp.build/Debug-watchsimulator/DiveWatchApp.build/Objects-normal/x86_64/DiveWatchApp.LinkFileList -install_name @rpath/DiveWatchApp.debug.dylib -Xlinker -rpath -Xlinker /usr/lib/swift -Xlinker -rpath -Xlinker @executable_path/Frameworks -Xlinker -dead_strip -Xlinker -object_path_lto -Xlinker /tmp/DiveWatchAppDerivedData/Build/Intermediates.noindex/DiveWatchApp.build/Debug-watchsimulator/DiveWatchApp.build/Objects-normal/x86_64/DiveWatchApp_lto.o -rdynamic -Xlinker -no_deduplicate -Xlinker -objc_abi_version -Xlinker 2 -Xlinker -dependency_info -Xlinker /tmp/DiveWatchAppDerivedData/Build/Intermediates.noindex/DiveWatchApp.build/Debug-watchsimulator/DiveWatchApp.build/Objects-normal/x86_64/DiveWatchApp_dependency_info.dat -fobjc-link-runtime -L/Applications/Xcode.app/Contents/Developer/Toolchains/XcodeDefault.xctoolchain/usr/lib/swift/watchsimulator -L/usr/lib/swift -Xlinker -add_ast_path -Xlinker /tmp/DiveWatchAppDerivedData/Build/Intermediates.noindex/DiveWatchApp.build/Debug-watchsimulator/DiveWatchApp.build/Objects-normal/x86_64/DiveWatchApp.swiftmodule @/tmp/DiveWatchAppDerivedData/Build/Intermediates.noindex/DiveWatchApp.build/Debug-watchsimulator/DiveWatchApp.build/Objects-normal/x86_64/DiveWatchApp-linker-args.resp -Xlinker -alias -Xlinker _main -Xlinker ___debug_main_executable_dylib_entry_point -o /tmp/DiveWatchAppDerivedData/Build/Intermediates.noindex/DiveWatchApp.build/Debug-watchsimulator/DiveWatchApp.build/Objects-normal/x86_64/Binary/DiveWatchApp.debug.dylib

ConstructStubExecutorLinkFileList /tmp/DiveWatchAppDerivedData/Build/Intermediates.noindex/DiveWatchApp.build/Debug-watchsimulator/DiveWatchApp.build/DiveWatchApp-ExecutorLinkFileList-normal-x86_64.txt (in target 'DiveWatchApp' from project 'DiveWatchApp')
    cd /Users/hongseongbin/Projects/diving-app/apps/watch-ios
    construct-stub-executor-link-file-list /tmp/DiveWatchAppDerivedData/Build/Intermediates.noindex/DiveWatchApp.build/Debug-watchsimulator/DiveWatchApp.build/Objects-normal/x86_64/Binary/DiveWatchApp.debug.dylib /Applications/Xcode.app/Contents/Developer/Platforms/WatchSimulator.platform/Developer/usr/lib/libPreviewsJITStubExecutor_no_swift_entry_point.a /Applications/Xcode.app/Contents/Developer/Platforms/WatchSimulator.platform/Developer/usr/lib/libPreviewsJITStubExecutor.a --output /tmp/DiveWatchAppDerivedData/Build/Intermediates.noindex/DiveWatchApp.build/Debug-watchsimulator/DiveWatchApp.build/DiveWatchApp-ExecutorLinkFileList-normal-x86_64.txt
note: Using stub executor library with Swift entry point. (in target 'DiveWatchApp' from project 'DiveWatchApp')

Ld /tmp/DiveWatchAppDerivedData/Build/Intermediates.noindex/DiveWatchApp.build/Debug-watchsimulator/DiveWatchApp.build/Objects-normal/x86_64/Binary/DiveWatchApp normal x86_64 (in target 'DiveWatchApp' from project 'DiveWatchApp')
    cd /Users/hongseongbin/Projects/diving-app/apps/watch-ios
    /Applications/Xcode.app/Contents/Developer/Toolchains/XcodeDefault.xctoolchain/usr/bin/clang -Xlinker -reproducible -target x86_64-apple-watchos10.0-simulator -isysroot /Applications/Xcode.app/Contents/Developer/Platforms/WatchSimulator.platform/Developer/SDKs/WatchSimulator26.5.sdk -O0 -L/tmp/DiveWatchAppDerivedData/Build/Products/Debug-watchsimulator -F/tmp/DiveWatchAppDerivedData/Build/Products/Debug-watchsimulator -Xlinker -rpath -Xlinker @executable_path -Xlinker -rpath -Xlinker @executable_path/Frameworks -rdynamic -Xlinker -no_deduplicate -Xlinker -objc_abi_version -Xlinker 2 -e ___debug_blank_executor_main -Xlinker -sectcreate -Xlinker __TEXT -Xlinker __debug_dylib -Xlinker /tmp/DiveWatchAppDerivedData/Build/Intermediates.noindex/DiveWatchApp.build/Debug-watchsimulator/DiveWatchApp.build/DiveWatchApp-DebugDylibPath-normal-x86_64.txt -Xlinker -sectcreate -Xlinker __TEXT -Xlinker __debug_instlnm -Xlinker /tmp/DiveWatchAppDerivedData/Build/Intermediates.noindex/DiveWatchApp.build/Debug-watchsimulator/DiveWatchApp.build/DiveWatchApp-DebugDylibInstallName-normal-x86_64.txt -Xlinker -filelist -Xlinker /tmp/DiveWatchAppDerivedData/Build/Intermediates.noindex/DiveWatchApp.build/Debug-watchsimulator/DiveWatchApp.build/DiveWatchApp-ExecutorLinkFileList-normal-x86_64.txt /tmp/DiveWatchAppDerivedData/Build/Intermediates.noindex/DiveWatchApp.build/Debug-watchsimulator/DiveWatchApp.build/Objects-normal/x86_64/Binary/DiveWatchApp.debug.dylib -o /tmp/DiveWatchAppDerivedData/Build/Intermediates.noindex/DiveWatchApp.build/Debug-watchsimulator/DiveWatchApp.build/Objects-normal/x86_64/Binary/DiveWatchApp

CreateUniversalBinary /tmp/DiveWatchAppDerivedData/Build/Products/Debug-watchsimulator/DiveWatchApp.app/DiveWatchApp normal arm64\ x86_64 (in target 'DiveWatchApp' from project 'DiveWatchApp')
    cd /Users/hongseongbin/Projects/diving-app/apps/watch-ios
    /Applications/Xcode.app/Contents/Developer/Toolchains/XcodeDefault.xctoolchain/usr/bin/lipo -create /tmp/DiveWatchAppDerivedData/Build/Intermediates.noindex/DiveWatchApp.build/Debug-watchsimulator/DiveWatchApp.build/Objects-normal/arm64/Binary/DiveWatchApp /tmp/DiveWatchAppDerivedData/Build/Intermediates.noindex/DiveWatchApp.build/Debug-watchsimulator/DiveWatchApp.build/Objects-normal/x86_64/Binary/DiveWatchApp -output /tmp/DiveWatchAppDerivedData/Build/Products/Debug-watchsimulator/DiveWatchApp.app/DiveWatchApp

Ld /tmp/DiveWatchAppDerivedData/Build/Intermediates.noindex/DiveWatchApp.build/Debug-watchsimulator/DiveWatchApp.build/Objects-normal/arm64/Binary/__preview.dylib normal arm64 (in target 'DiveWatchApp' from project 'DiveWatchApp')
    cd /Users/hongseongbin/Projects/diving-app/apps/watch-ios
    /Applications/Xcode.app/Contents/Developer/Toolchains/XcodeDefault.xctoolchain/usr/bin/clang -Xlinker -reproducible -target arm64-apple-watchos10.0-simulator -dynamiclib -isysroot /Applications/Xcode.app/Contents/Developer/Platforms/WatchSimulator.platform/Developer/SDKs/WatchSimulator26.5.sdk -O0 -L/tmp/DiveWatchAppDerivedData/Build/Products/Debug-watchsimulator -F/tmp/DiveWatchAppDerivedData/Build/Products/Debug-watchsimulator -install_name @rpath/DiveWatchApp.debug.dylib -Xlinker -dead_strip -rdynamic -Xlinker -no_deduplicate -Xlinker -objc_abi_version -Xlinker 2 -Xlinker -dependency_info -Xlinker /tmp/DiveWatchAppDerivedData/Build/Intermediates.noindex/DiveWatchApp.build/Debug-watchsimulator/DiveWatchApp.build/Objects-normal/arm64/DiveWatchApp_dependency_info.dat -o /tmp/DiveWatchAppDerivedData/Build/Intermediates.noindex/DiveWatchApp.build/Debug-watchsimulator/DiveWatchApp.build/Objects-normal/arm64/Binary/__preview.dylib

Ld /tmp/DiveWatchAppDerivedData/Build/Intermediates.noindex/DiveWatchApp.build/Debug-watchsimulator/DiveWatchApp.build/Objects-normal/x86_64/Binary/__preview.dylib normal x86_64 (in target 'DiveWatchApp' from project 'DiveWatchApp')
    cd /Users/hongseongbin/Projects/diving-app/apps/watch-ios
    /Applications/Xcode.app/Contents/Developer/Toolchains/XcodeDefault.xctoolchain/usr/bin/clang -Xlinker -reproducible -target x86_64-apple-watchos10.0-simulator -dynamiclib -isysroot /Applications/Xcode.app/Contents/Developer/Platforms/WatchSimulator.platform/Developer/SDKs/WatchSimulator26.5.sdk -O0 -L/tmp/DiveWatchAppDerivedData/Build/Products/Debug-watchsimulator -F/tmp/DiveWatchAppDerivedData/Build/Products/Debug-watchsimulator -install_name @rpath/DiveWatchApp.debug.dylib -Xlinker -dead_strip -rdynamic -Xlinker -no_deduplicate -Xlinker -objc_abi_version -Xlinker 2 -Xlinker -dependency_info -Xlinker /tmp/DiveWatchAppDerivedData/Build/Intermediates.noindex/DiveWatchApp.build/Debug-watchsimulator/DiveWatchApp.build/Objects-normal/x86_64/DiveWatchApp_dependency_info.dat -o /tmp/DiveWatchAppDerivedData/Build/Intermediates.noindex/DiveWatchApp.build/Debug-watchsimulator/DiveWatchApp.build/Objects-normal/x86_64/Binary/__preview.dylib

CreateUniversalBinary /tmp/DiveWatchAppDerivedData/Build/Products/Debug-watchsimulator/DiveWatchApp.app/__preview.dylib normal arm64\ x86_64 (in target 'DiveWatchApp' from project 'DiveWatchApp')
    cd /Users/hongseongbin/Projects/diving-app/apps/watch-ios
    /Applications/Xcode.app/Contents/Developer/Toolchains/XcodeDefault.xctoolchain/usr/bin/lipo -create /tmp/DiveWatchAppDerivedData/Build/Intermediates.noindex/DiveWatchApp.build/Debug-watchsimulator/DiveWatchApp.build/Objects-normal/arm64/Binary/__preview.dylib /tmp/DiveWatchAppDerivedData/Build/Intermediates.noindex/DiveWatchApp.build/Debug-watchsimulator/DiveWatchApp.build/Objects-normal/x86_64/Binary/__preview.dylib -output /tmp/DiveWatchAppDerivedData/Build/Products/Debug-watchsimulator/DiveWatchApp.app/__preview.dylib

CreateUniversalBinary /tmp/DiveWatchAppDerivedData/Build/Products/Debug-watchsimulator/DiveWatchApp.app/DiveWatchApp.debug.dylib normal arm64\ x86_64 (in target 'DiveWatchApp' from project 'DiveWatchApp')
    cd /Users/hongseongbin/Projects/diving-app/apps/watch-ios
    /Applications/Xcode.app/Contents/Developer/Toolchains/XcodeDefault.xctoolchain/usr/bin/lipo -create /tmp/DiveWatchAppDerivedData/Build/Intermediates.noindex/DiveWatchApp.build/Debug-watchsimulator/DiveWatchApp.build/Objects-normal/arm64/Binary/DiveWatchApp.debug.dylib /tmp/DiveWatchAppDerivedData/Build/Intermediates.noindex/DiveWatchApp.build/Debug-watchsimulator/DiveWatchApp.build/Objects-normal/x86_64/Binary/DiveWatchApp.debug.dylib -output /tmp/DiveWatchAppDerivedData/Build/Products/Debug-watchsimulator/DiveWatchApp.app/DiveWatchApp.debug.dylib

ExtractAppIntentsMetadata (in target 'DiveWatchApp' from project 'DiveWatchApp')
    cd /Users/hongseongbin/Projects/diving-app/apps/watch-ios
    /Applications/Xcode.app/Contents/Developer/Toolchains/XcodeDefault.xctoolchain/usr/bin/appintentsmetadataprocessor --toolchain-dir /Applications/Xcode.app/Contents/Developer/Toolchains/XcodeDefault.xctoolchain --module-name DiveWatchApp --sdk-root /Applications/Xcode.app/Contents/Developer/Platforms/WatchSimulator.platform/Developer/SDKs/WatchSimulator26.5.sdk --xcode-version 17F42 --platform-family watchOS --deployment-target 10.0 --bundle-identifier com.example.DiveWatchApp --output /tmp/DiveWatchAppDerivedData/Build/Products/Debug-watchsimulator/DiveWatchApp.app --target-triple arm64-apple-watchos10.0-simulator --target-triple x86_64-apple-watchos10.0-simulator --binary-file /tmp/DiveWatchAppDerivedData/Build/Products/Debug-watchsimulator/DiveWatchApp.app/DiveWatchApp --dependency-file /tmp/DiveWatchAppDerivedData/Build/Intermediates.noindex/DiveWatchApp.build/Debug-watchsimulator/DiveWatchApp.build/Objects-normal/arm64/DiveWatchApp_dependency_info.dat --dependency-file /tmp/DiveWatchAppDerivedData/Build/Intermediates.noindex/DiveWatchApp.build/Debug-watchsimulator/DiveWatchApp.build/Objects-normal/x86_64/DiveWatchApp_dependency_info.dat --stringsdata-file /tmp/DiveWatchAppDerivedData/Build/Intermediates.noindex/DiveWatchApp.build/Debug-watchsimulator/DiveWatchApp.build/Objects-normal/arm64/ExtractedAppShortcutsMetadata.stringsdata --stringsdata-file /tmp/DiveWatchAppDerivedData/Build/Intermediates.noindex/DiveWatchApp.build/Debug-watchsimulator/DiveWatchApp.build/Objects-normal/x86_64/ExtractedAppShortcutsMetadata.stringsdata --source-file-list /tmp/DiveWatchAppDerivedData/Build/Intermediates.noindex/DiveWatchApp.build/Debug-watchsimulator/DiveWatchApp.build/Objects-normal/arm64/DiveWatchApp.SwiftFileList --source-file-list /tmp/DiveWatchAppDerivedData/Build/Intermediates.noindex/DiveWatchApp.build/Debug-watchsimulator/DiveWatchApp.build/Objects-normal/x86_64/DiveWatchApp.SwiftFileList --metadata-file-list /tmp/DiveWatchAppDerivedData/Build/Intermediates.noindex/DiveWatchApp.build/Debug-watchsimulator/DiveWatchApp.build/DiveWatchApp.DependencyMetadataFileList --static-metadata-file-list /tmp/DiveWatchAppDerivedData/Build/Intermediates.noindex/DiveWatchApp.build/Debug-watchsimulator/DiveWatchApp.build/DiveWatchApp.DependencyStaticMetadataFileList --swift-const-vals-list /tmp/DiveWatchAppDerivedData/Build/Intermediates.noindex/DiveWatchApp.build/Debug-watchsimulator/DiveWatchApp.build/Objects-normal/arm64/DiveWatchApp.SwiftConstValuesFileList --swift-const-vals-list /tmp/DiveWatchAppDerivedData/Build/Intermediates.noindex/DiveWatchApp.build/Debug-watchsimulator/DiveWatchApp.build/Objects-normal/x86_64/DiveWatchApp.SwiftConstValuesFileList --compile-time-extraction --deployment-aware-processing --validate-assistant-intents --no-app-shortcuts-localization
2026-06-13 20:07:02.740 appintentsmetadataprocessor[12408:325437] Starting appintentsmetadataprocessor export
2026-06-13 20:07:02.741 appintentsmetadataprocessor[12408:325437] warning: Metadata extraction skipped. No AppIntents.framework dependency found.

CopySwiftLibs /tmp/DiveWatchAppDerivedData/Build/Products/Debug-watchsimulator/DiveWatchApp.app (in target 'DiveWatchApp' from project 'DiveWatchApp')
    cd /Users/hongseongbin/Projects/diving-app/apps/watch-ios
    builtin-swiftStdLibTool --copy --verbose --scan-executable /tmp/DiveWatchAppDerivedData/Build/Products/Debug-watchsimulator/DiveWatchApp.app/DiveWatchApp.debug.dylib --scan-folder /tmp/DiveWatchAppDerivedData/Build/Products/Debug-watchsimulator/DiveWatchApp.app/Frameworks --scan-folder /tmp/DiveWatchAppDerivedData/Build/Products/Debug-watchsimulator/DiveWatchApp.app/PlugIns --scan-folder /tmp/DiveWatchAppDerivedData/Build/Products/Debug-watchsimulator/DiveWatchApp.app/SystemExtensions --scan-folder /tmp/DiveWatchAppDerivedData/Build/Products/Debug-watchsimulator/DiveWatchApp.app/Extensions --platform watchsimulator --toolchain /Applications/Xcode.app/Contents/Developer/Toolchains/XcodeDefault.xctoolchain --destination /tmp/DiveWatchAppDerivedData/Build/Products/Debug-watchsimulator/DiveWatchApp.app/Frameworks --strip-bitcode --strip-bitcode-tool /Applications/Xcode.app/Contents/Developer/Toolchains/XcodeDefault.xctoolchain/usr/bin/bitcode_strip --emit-dependency-info /tmp/DiveWatchAppDerivedData/Build/Intermediates.noindex/DiveWatchApp.build/Debug-watchsimulator/DiveWatchApp.build/SwiftStdLibToolInputDependencies.dep --filter-for-swift-os --back-deploy-swift-span
Ignoring --strip-bitcode because --sign was not passed

ProcessInfoPlistFile /tmp/DiveWatchAppDerivedData/Build/Products/Debug-watchsimulator/DiveWatchApp.app/Info.plist /tmp/DiveWatchAppDerivedData/Build/Intermediates.noindex/DiveWatchApp.build/Debug-watchsimulator/DiveWatchApp.build/empty-DiveWatchApp.plist (in target 'DiveWatchApp' from project 'DiveWatchApp')
    cd /Users/hongseongbin/Projects/diving-app/apps/watch-ios
    builtin-infoPlistUtility /tmp/DiveWatchAppDerivedData/Build/Intermediates.noindex/DiveWatchApp.build/Debug-watchsimulator/DiveWatchApp.build/empty-DiveWatchApp.plist -producttype com.apple.product-type.application -genpkginfo /tmp/DiveWatchAppDerivedData/Build/Products/Debug-watchsimulator/DiveWatchApp.app/PkgInfo -expandbuildsettings -format binary -platform watchsimulator -o /tmp/DiveWatchAppDerivedData/Build/Products/Debug-watchsimulator/DiveWatchApp.app/Info.plist

** BUILD SUCCEEDED **

Done in 2.21s.
